[1015/092523.294:ERROR:directory_reader_win.cc(43)] FindFirstFile: The system cannot find the path specified. (0x3)
[1015/092546.038:ERROR:directory_reader_win.cc(43)] FindFirstFile: The system cannot find the path specified. (0x3)
[1015/092608.924:ERROR:directory_reader_win.cc(43)] FindFirstFile: The system cannot find the path specified. (0x3)
[1015/095403.094:ERROR:process_memory_win.cc(73)] ReadMemory at 0x6f057ee000 of 73728 bytes failed: Only part of a ReadProcessMemory or WriteProcessMemory request was completed. (0x12B)
[1015/095403.095:ERROR:process_memory_win.cc(73)] ReadMemory at 0x6f05ffe000 of 8192 bytes failed: Only part of a ReadProcessMemory or WriteProcessMemory request was completed. (0x12B)
[1015/095403.095:ERROR:process_memory_win.cc(73)] ReadMemory at 0x6f067f9000 of 28672 bytes failed: Only part of a ReadProcessMemory or WriteProcessMemory request was completed. (0x12B)
[1015/095403.095:ERROR:process_memory_win.cc(73)] ReadMemory at 0x6f06ffe000 of 8192 bytes failed: Only part of a ReadProcessMemory or WriteProcessMemory request was completed. (0x12B)
[1015/095403.096:ERROR:process_memory_win.cc(73)] ReadMemory at 0x6f077fd000 of 12288 bytes failed: Only part of a ReadProcessMemory or WriteProcessMemory request was completed. (0x12B)
[1015/095403.096:ERROR:process_memory_win.cc(73)] ReadMemory at 0x6f07fff000 of 4096 bytes failed: Only part of a ReadProcessMemory or WriteProcessMemory request was completed. (0x12B)
[1015/095403.096:ERROR:process_memory_win.cc(73)] ReadMemory at 0x6f087fe000 of 8192 bytes failed: Only part of a ReadProcessMemory or WriteProcessMemory request was completed. (0x12B)
[1015/095403.096:ERROR:process_memory_win.cc(73)] ReadMemory at 0x6f08ffd000 of 12288 bytes failed: Only part of a ReadProcessMemory or WriteProcessMemory request was completed. (0x12B)
[1015/095403.096:ERROR:process_memory_win.cc(73)] ReadMemory at 0x6f097fa000 of 24576 bytes failed: Only part of a ReadProcessMemory or WriteProcessMemory request was completed. (0x12B)
[1015/095403.096:ERROR:process_memory_win.cc(73)] ReadMemory at 0x6f09ffe000 of 8192 bytes failed: Only part of a ReadProcessMemory or WriteProcessMemory request was completed. (0x12B)
[1015/095403.096:ERROR:process_memory_win.cc(73)] ReadMemory at 0x6f0a7fc000 of 16384 bytes failed: Only part of a ReadProcessMemory or WriteProcessMemory request was completed. (0x12B)
[1015/095403.096:ERROR:process_memory_win.cc(73)] ReadMemory at 0x6f0affe000 of 8192 bytes failed: Only part of a ReadProcessMemory or WriteProcessMemory request was completed. (0x12B)
[1015/095403.096:ERROR:process_memory_win.cc(73)] ReadMemory at 0x6f0b7fe000 of 8192 bytes failed: Only part of a ReadProcessMemory or WriteProcessMemory request was completed. (0x12B)
[1015/095403.097:ERROR:process_memory_win.cc(73)] ReadMemory at 0x6f0bffe000 of 8192 bytes failed: Only part of a ReadProcessMemory or WriteProcessMemory request was completed. (0x12B)
[1015/095403.097:ERROR:process_memory_win.cc(73)] ReadMemory at 0x6f0c7fd000 of 12288 bytes failed: Only part of a ReadProcessMemory or WriteProcessMemory request was completed. (0x12B)
[1015/095403.097:ERROR:process_memory_win.cc(73)] ReadMemory at 0x6f04f67000 of 852 bytes failed: Only part of a ReadProcessMemory or WriteProcessMemory request was completed. (0x12B)
[1015/095403.097:ERROR:process_memory_win.cc(73)] ReadMemory at 0x6f04f68000 of 6024 bytes failed: Only part of a ReadProcessMemory or WriteProcessMemory request was completed. (0x12B)
[1015/095403.097:ERROR:process_memory_win.cc(73)] ReadMemory at 0x6f04f6a000 of 6024 bytes failed: Only part of a ReadProcessMemory or WriteProcessMemory request was completed. (0x12B)
[1015/095403.097:ERROR:process_memory_win.cc(73)] ReadMemory at 0x6f04f6c000 of 6024 bytes failed: Only part of a ReadProcessMemory or WriteProcessMemory request was completed. (0x12B)
[1015/095403.097:ERROR:process_memory_win.cc(73)] ReadMemory at 0x6f04f6e000 of 6024 bytes failed: Only part of a ReadProcessMemory or WriteProcessMemory request was completed. (0x12B)
[1015/095403.097:ERROR:process_memory_win.cc(73)] ReadMemory at 0x6f04f70000 of 6024 bytes failed: Only part of a ReadProcessMemory or WriteProcessMemory request was completed. (0x12B)
[1015/095403.097:ERROR:process_memory_win.cc(73)] ReadMemory at 0x6f04f72000 of 6024 bytes failed: Only part of a ReadProcessMemory or WriteProcessMemory request was completed. (0x12B)
[1015/095403.097:ERROR:process_memory_win.cc(73)] ReadMemory at 0x6f04f74000 of 6024 bytes failed: Only part of a ReadProcessMemory or WriteProcessMemory request was completed. (0x12B)
[1015/095403.098:ERROR:process_memory_win.cc(73)] ReadMemory at 0x6f04f76000 of 6024 bytes failed: Only part of a ReadProcessMemory or WriteProcessMemory request was completed. (0x12B)
[1015/095403.098:ERROR:process_memory_win.cc(73)] ReadMemory at 0x6f04f78000 of 6024 bytes failed: Only part of a ReadProcessMemory or WriteProcessMemory request was completed. (0x12B)
[1015/095403.098:ERROR:process_memory_win.cc(73)] ReadMemory at 0x6f04f7a000 of 6024 bytes failed: Only part of a ReadProcessMemory or WriteProcessMemory request was completed. (0x12B)
[1015/095403.098:ERROR:process_memory_win.cc(73)] ReadMemory at 0x6f04f7c000 of 6024 bytes failed: Only part of a ReadProcessMemory or WriteProcessMemory request was completed. (0x12B)
[1015/095403.098:ERROR:process_memory_win.cc(73)] ReadMemory at 0x6f04f7e000 of 6024 bytes failed: Only part of a ReadProcessMemory or WriteProcessMemory request was completed. (0x12B)
[1015/095403.098:ERROR:process_memory_win.cc(73)] ReadMemory at 0x6f04f80000 of 6024 bytes failed: Only part of a ReadProcessMemory or WriteProcessMemory request was completed. (0x12B)
[1015/095403.098:ERROR:process_memory_win.cc(73)] ReadMemory at 0x6f04f82000 of 6024 bytes failed: Only part of a ReadProcessMemory or WriteProcessMemory request was completed. (0x12B)
[1015/095403.098:ERROR:process_memory_win.cc(73)] ReadMemory at 0x6f04f84000 of 6024 bytes failed: Only part of a ReadProcessMemory or WriteProcessMemory request was completed. (0x12B)
[1015/095403.099:ERROR:process_memory_win.cc(73)] ReadMemory at 0x254deb70c40 of 704 bytes failed: Only part of a ReadProcessMemory or WriteProcessMemory request was completed. (0x12B)
[1015/095403.099:ERROR:process_memory_win.cc(73)] ReadMemory at 0x254deb71480 of 512 bytes failed: Only part of a ReadProcessMemory or WriteProcessMemory request was completed. (0x12B)
[1015/095403.099:ERROR:process_memory_win.cc(73)] ReadMemory at 0x254dec20fe0 of 6380 bytes failed: Only part of a ReadProcessMemory or WriteProcessMemory request was completed. (0x12B)
[1015/095403.099:ERROR:process_memory_win.cc(73)] ReadMemory at 0x254dec228e0 of 1012 bytes failed: Only part of a ReadProcessMemory or WriteProcessMemory request was completed. (0x12B)
[1015/095403.099:ERROR:process_memory_win.cc(73)] ReadMemory at 0x254dec22f28 of 118 bytes failed: Only part of a ReadProcessMemory or WriteProcessMemory request was completed. (0x12B)
[1015/095403.099:ERROR:process_memory_win.cc(73)] ReadMemory at 0x254dec22fa0 of 1272 bytes failed: Only part of a ReadProcessMemory or WriteProcessMemory request was completed. (0x12B)
[1015/095403.099:ERROR:process_memory_win.cc(73)] ReadMemory at 0x254dec2349a of 118 bytes failed: Only part of a ReadProcessMemory or WriteProcessMemory request was completed. (0x12B)
[1015/095403.099:ERROR:process_memory_win.cc(73)] ReadMemory at 0x254dec23512 of 100 bytes failed: Only part of a ReadProcessMemory or WriteProcessMemory request was completed. (0x12B)
[1015/095403.099:ERROR:process_memory_win.cc(73)] ReadMemory at 0x254dec23590 of 58 bytes failed: Only part of a ReadProcessMemory or WriteProcessMemory request was completed. (0x12B)
[1015/095403.100:ERROR:process_memory_win.cc(73)] ReadMemory at 0x254dec23690 of 132 bytes failed: Only part of a ReadProcessMemory or WriteProcessMemory request was completed. (0x12B)
[1015/095403.100:ERROR:process_memory_win.cc(73)] ReadMemory at 0x254dec23820 of 132 bytes failed: Only part of a ReadProcessMemory or WriteProcessMemory request was completed. (0x12B)
[1015/095403.100:ERROR:process_memory_win.cc(73)] ReadMemory at 0x254dec239e0 of 124 bytes failed: Only part of a ReadProcessMemory or WriteProcessMemory request was completed. (0x12B)
[1015/095403.100:ERROR:process_memory_win.cc(73)] ReadMemory at 0x254dec23ee0 of 132 bytes failed: Only part of a ReadProcessMemory or WriteProcessMemory request was completed. (0x12B)
[1015/095403.100:ERROR:process_memory_win.cc(73)] ReadMemory at 0x254dec24070 of 64 bytes failed: Only part of a ReadProcessMemory or WriteProcessMemory request was completed. (0x12B)
[1015/095403.100:ERROR:process_memory_win.cc(73)] ReadMemory at 0x254dec24230 of 132 bytes failed: Only part of a ReadProcessMemory or WriteProcessMemory request was completed. (0x12B)
[1015/095403.100:ERROR:process_memory_win.cc(73)] ReadMemory at 0x254dec244d0 of 132 bytes failed: Only part of a ReadProcessMemory or WriteProcessMemory request was completed. (0x12B)
[1015/095403.100:ERROR:process_memory_win.cc(73)] ReadMemory at 0x254dec24660 of 68 bytes failed: Only part of a ReadProcessMemory or WriteProcessMemory request was completed. (0x12B)
[1015/095403.100:ERROR:process_memory_win.cc(73)] ReadMemory at 0x254dec25830 of 132 bytes failed: Only part of a ReadProcessMemory or WriteProcessMemory request was completed. (0x12B)
[1015/095403.100:ERROR:process_memory_win.cc(73)] ReadMemory at 0x254dec259c0 of 152 bytes failed: Only part of a ReadProcessMemory or WriteProcessMemory request was completed. (0x12B)
[1015/095403.100:ERROR:process_memory_win.cc(73)] ReadMemory at 0x254dec265f0 of 60 bytes failed: Only part of a ReadProcessMemory or WriteProcessMemory request was completed. (0x12B)
[1015/095403.101:ERROR:process_memory_win.cc(73)] ReadMemory at 0x254dec27c70 of 62 bytes failed: Only part of a ReadProcessMemory or WriteProcessMemory request was completed. (0x12B)
[1015/095403.101:ERROR:process_memory_win.cc(73)] ReadMemory at 0x254dec27e60 of 132 bytes failed: Only part of a ReadProcessMemory or WriteProcessMemory request was completed. (0x12B)
[1015/095403.101:ERROR:process_memory_win.cc(73)] ReadMemory at 0x254dec2c210 of 62 bytes failed: Only part of a ReadProcessMemory or WriteProcessMemory request was completed. (0x12B)
[1015/095403.101:ERROR:process_memory_win.cc(73)] ReadMemory at 0x254dec2ff80 of 80 bytes failed: Only part of a ReadProcessMemory or WriteProcessMemory request was completed. (0x12B)
[1015/095403.101:ERROR:process_memory_win.cc(73)] ReadMemory at 0x254dec350a0 of 132 bytes failed: Only part of a ReadProcessMemory or WriteProcessMemory request was completed. (0x12B)
[1015/095403.101:ERROR:process_memory_win.cc(73)] ReadMemory at 0x254dec352b0 of 132 bytes failed: Only part of a ReadProcessMemory or WriteProcessMemory request was completed. (0x12B)
[1015/095403.101:ERROR:process_memory_win.cc(73)] ReadMemory at 0x254dec35870 of 132 bytes failed: Only part of a ReadProcessMemory or WriteProcessMemory request was completed. (0x12B)
[1015/095403.101:ERROR:process_memory_win.cc(73)] ReadMemory at 0x254dec35a80 of 132 bytes failed: Only part of a ReadProcessMemory or WriteProcessMemory request was completed. (0x12B)
[1015/095403.101:ERROR:process_memory_win.cc(73)] ReadMemory at 0x254dec35fd0 of 132 bytes failed: Only part of a ReadProcessMemory or WriteProcessMemory request was completed. (0x12B)
[1015/095403.101:ERROR:process_memory_win.cc(73)] ReadMemory at 0x254dec363e0 of 132 bytes failed: Only part of a ReadProcessMemory or WriteProcessMemory request was completed. (0x12B)
[1015/095403.101:ERROR:process_memory_win.cc(73)] ReadMemory at 0x254dec36d90 of 132 bytes failed: Only part of a ReadProcessMemory or WriteProcessMemory request was completed. (0x12B)
[1015/095403.102:ERROR:process_memory_win.cc(73)] ReadMemory at 0x254dec36ec0 of 132 bytes failed: Only part of a ReadProcessMemory or WriteProcessMemory request was completed. (0x12B)
[1015/095403.102:ERROR:process_memory_win.cc(73)] ReadMemory at 0x254dec37120 of 132 bytes failed: Only part of a ReadProcessMemory or WriteProcessMemory request was completed. (0x12B)
[1015/095403.102:ERROR:process_memory_win.cc(73)] ReadMemory at 0x254dec37250 of 132 bytes failed: Only part of a ReadProcessMemory or WriteProcessMemory request was completed. (0x12B)
[1015/095403.102:ERROR:process_memory_win.cc(73)] ReadMemory at 0x254dec37380 of 132 bytes failed: Only part of a ReadProcessMemory or WriteProcessMemory request was completed. (0x12B)
[1015/095403.102:ERROR:process_memory_win.cc(73)] ReadMemory at 0x254dec374b0 of 132 bytes failed: Only part of a ReadProcessMemory or WriteProcessMemory request was completed. (0x12B)
[1015/095403.102:ERROR:process_memory_win.cc(73)] ReadMemory at 0x254dec375e0 of 132 bytes failed: Only part of a ReadProcessMemory or WriteProcessMemory request was completed. (0x12B)
[1015/095403.102:ERROR:process_memory_win.cc(73)] ReadMemory at 0x254dec37710 of 132 bytes failed: Only part of a ReadProcessMemory or WriteProcessMemory request was completed. (0x12B)
[1015/095403.102:ERROR:process_memory_win.cc(73)] ReadMemory at 0x254dec37840 of 132 bytes failed: Only part of a ReadProcessMemory or WriteProcessMemory request was completed. (0x12B)
[1015/095403.102:ERROR:process_memory_win.cc(73)] ReadMemory at 0x254dec37970 of 132 bytes failed: Only part of a ReadProcessMemory or WriteProcessMemory request was completed. (0x12B)
[1015/095403.102:ERROR:process_memory_win.cc(73)] ReadMemory at 0x254dec37aa0 of 132 bytes failed: Only part of a ReadProcessMemory or WriteProcessMemory request was completed. (0x12B)
[1015/095403.102:ERROR:process_memory_win.cc(73)] ReadMemory at 0x254dec37bd0 of 132 bytes failed: Only part of a ReadProcessMemory or WriteProcessMemory request was completed. (0x12B)
[1015/095403.103:ERROR:process_memory_win.cc(73)] ReadMemory at 0x254dec39c20 of 132 bytes failed: Only part of a ReadProcessMemory or WriteProcessMemory request was completed. (0x12B)
[1015/095403.103:ERROR:process_memory_win.cc(73)] ReadMemory at 0x254dec3bb60 of 62 bytes failed: Only part of a ReadProcessMemory or WriteProcessMemory request was completed. (0x12B)
[1015/095403.103:ERROR:process_memory_win.cc(73)] ReadMemory at 0x254dec3bbb0 of 62 bytes failed: Only part of a ReadProcessMemory or WriteProcessMemory request was completed. (0x12B)
[1015/095403.103:ERROR:process_memory_win.cc(73)] ReadMemory at 0x254dec3bc50 of 60 bytes failed: Only part of a ReadProcessMemory or WriteProcessMemory request was completed. (0x12B)
[1015/095403.103:ERROR:process_memory_win.cc(73)] ReadMemory at 0x254dec3bd40 of 62 bytes failed: Only part of a ReadProcessMemory or WriteProcessMemory request was completed. (0x12B)
[1015/095403.103:ERROR:process_memory_win.cc(73)] ReadMemory at 0x254dec3bd90 of 66 bytes failed: Only part of a ReadProcessMemory or WriteProcessMemory request was completed. (0x12B)
[1015/095403.103:ERROR:process_memory_win.cc(73)] ReadMemory at 0x254dec3be80 of 66 bytes failed: Only part of a ReadProcessMemory or WriteProcessMemory request was completed. (0x12B)
[1015/095403.103:ERROR:process_memory_win.cc(73)] ReadMemory at 0x254dec3c010 of 64 bytes failed: Only part of a ReadProcessMemory or WriteProcessMemory request was completed. (0x12B)
[1015/095403.103:ERROR:process_memory_win.cc(73)] ReadMemory at 0x254dec3c150 of 64 bytes failed: Only part of a ReadProcessMemory or WriteProcessMemory request was completed. (0x12B)
[1015/095403.104:ERROR:process_memory_win.cc(73)] ReadMemory at 0x254dec3c1a0 of 62 bytes failed: Only part of a ReadProcessMemory or WriteProcessMemory request was completed. (0x12B)
[1015/095403.104:ERROR:process_memory_win.cc(73)] ReadMemory at 0x254dec3c290 of 62 bytes failed: Only part of a ReadProcessMemory or WriteProcessMemory request was completed. (0x12B)
[1015/095403.104:ERROR:process_memory_win.cc(73)] ReadMemory at 0x254dec3c2e0 of 62 bytes failed: Only part of a ReadProcessMemory or WriteProcessMemory request was completed. (0x12B)
[1015/095403.104:ERROR:process_memory_win.cc(73)] ReadMemory at 0x254dec3c330 of 62 bytes failed: Only part of a ReadProcessMemory or WriteProcessMemory request was completed. (0x12B)
[1015/095403.104:ERROR:process_memory_win.cc(73)] ReadMemory at 0x254dec3c380 of 60 bytes failed: Only part of a ReadProcessMemory or WriteProcessMemory request was completed. (0x12B)
[1015/095403.104:ERROR:process_memory_win.cc(73)] ReadMemory at 0x254dec3c4c0 of 58 bytes failed: Only part of a ReadProcessMemory or WriteProcessMemory request was completed. (0x12B)
[1015/095403.104:ERROR:process_memory_win.cc(73)] ReadMemory at 0x254dec3c510 of 62 bytes failed: Only part of a ReadProcessMemory or WriteProcessMemory request was completed. (0x12B)
[1015/095403.104:ERROR:process_memory_win.cc(73)] ReadMemory at 0x254dec3c560 of 60 bytes failed: Only part of a ReadProcessMemory or WriteProcessMemory request was completed. (0x12B)
[1015/095403.104:ERROR:process_memory_win.cc(73)] ReadMemory at 0x254dec3c5b0 of 60 bytes failed: Only part of a ReadProcessMemory or WriteProcessMemory request was completed. (0x12B)
[1015/095403.104:ERROR:process_memory_win.cc(73)] ReadMemory at 0x254dec3c600 of 60 bytes failed: Only part of a ReadProcessMemory or WriteProcessMemory request was completed. (0x12B)
[1015/095403.104:ERROR:process_memory_win.cc(73)] ReadMemory at 0x254dec3c650 of 64 bytes failed: Only part of a ReadProcessMemory or WriteProcessMemory request was completed. (0x12B)
[1015/095403.105:ERROR:process_memory_win.cc(73)] ReadMemory at 0x254dec3c6a0 of 64 bytes failed: Only part of a ReadProcessMemory or WriteProcessMemory request was completed. (0x12B)
[1015/095403.105:ERROR:process_memory_win.cc(73)] ReadMemory at 0x254dec3c6f0 of 60 bytes failed: Only part of a ReadProcessMemory or WriteProcessMemory request was completed. (0x12B)
[1015/095403.105:ERROR:process_memory_win.cc(73)] ReadMemory at 0x254dec3c740 of 64 bytes failed: Only part of a ReadProcessMemory or WriteProcessMemory request was completed. (0x12B)
[1015/095403.105:ERROR:process_memory_win.cc(73)] ReadMemory at 0x254dec3c920 of 64 bytes failed: Only part of a ReadProcessMemory or WriteProcessMemory request was completed. (0x12B)
[1015/095403.105:ERROR:process_memory_win.cc(73)] ReadMemory at 0x254dec3c970 of 62 bytes failed: Only part of a ReadProcessMemory or WriteProcessMemory request was completed. (0x12B)
[1015/095403.105:ERROR:process_memory_win.cc(73)] ReadMemory at 0x254dec3c9c0 of 64 bytes failed: Only part of a ReadProcessMemory or WriteProcessMemory request was completed. (0x12B)
[1015/095403.105:ERROR:process_memory_win.cc(73)] ReadMemory at 0x254dec3ca10 of 64 bytes failed: Only part of a ReadProcessMemory or WriteProcessMemory request was completed. (0x12B)
[1015/095403.105:ERROR:process_memory_win.cc(73)] ReadMemory at 0x254dec3ce90 of 144 bytes failed: Only part of a ReadProcessMemory or WriteProcessMemory request was completed. (0x12B)
[1015/095403.105:ERROR:process_memory_win.cc(73)] ReadMemory at 0x254dec3e140 of 132 bytes failed: Only part of a ReadProcessMemory or WriteProcessMemory request was completed. (0x12B)
[1015/095403.105:ERROR:process_memory_win.cc(73)] ReadMemory at 0x254dec3e360 of 132 bytes failed: Only part of a ReadProcessMemory or WriteProcessMemory request was completed. (0x12B)
[1015/095403.105:ERROR:process_memory_win.cc(73)] ReadMemory at 0x254dec425f0 of 54 bytes failed: Only part of a ReadProcessMemory or WriteProcessMemory request was completed. (0x12B)
[1015/095403.106:ERROR:process_memory_win.cc(73)] ReadMemory at 0x254dec42bb0 of 132 bytes failed: Only part of a ReadProcessMemory or WriteProcessMemory request was completed. (0x12B)
[1015/095403.106:ERROR:process_memory_win.cc(73)] ReadMemory at 0x254dec43d70 of 80 bytes failed: Only part of a ReadProcessMemory or WriteProcessMemory request was completed. (0x12B)
[1015/095403.106:ERROR:process_memory_win.cc(73)] ReadMemory at 0x254dec43fb0 of 76 bytes failed: Only part of a ReadProcessMemory or WriteProcessMemory request was completed. (0x12B)
[1015/095403.106:ERROR:process_memory_win.cc(73)] ReadMemory at 0x254dec44b90 of 132 bytes failed: Only part of a ReadProcessMemory or WriteProcessMemory request was completed. (0x12B)
[1015/095403.106:ERROR:process_memory_win.cc(73)] ReadMemory at 0x254dec44cc0 of 132 bytes failed: Only part of a ReadProcessMemory or WriteProcessMemory request was completed. (0x12B)
[1015/095403.106:ERROR:process_memory_win.cc(73)] ReadMemory at 0x254dec44df0 of 132 bytes failed: Only part of a ReadProcessMemory or WriteProcessMemory request was completed. (0x12B)
[1015/095403.106:ERROR:process_memory_win.cc(73)] ReadMemory at 0x254dec44f20 of 132 bytes failed: Only part of a ReadProcessMemory or WriteProcessMemory request was completed. (0x12B)
[1015/095403.106:ERROR:process_memory_win.cc(73)] ReadMemory at 0x254dec45050 of 132 bytes failed: Only part of a ReadProcessMemory or WriteProcessMemory request was completed. (0x12B)
[1015/095403.106:ERROR:process_memory_win.cc(73)] ReadMemory at 0x254dec45180 of 132 bytes failed: Only part of a ReadProcessMemory or WriteProcessMemory request was completed. (0x12B)
[1015/095403.106:ERROR:process_memory_win.cc(73)] ReadMemory at 0x254dec452b0 of 132 bytes failed: Only part of a ReadProcessMemory or WriteProcessMemory request was completed. (0x12B)
[1015/095403.106:ERROR:process_memory_win.cc(73)] ReadMemory at 0x254dec45510 of 132 bytes failed: Only part of a ReadProcessMemory or WriteProcessMemory request was completed. (0x12B)
[1015/095403.107:ERROR:process_memory_win.cc(73)] ReadMemory at 0x254dec45640 of 132 bytes failed: Only part of a ReadProcessMemory or WriteProcessMemory request was completed. (0x12B)
[1015/095403.107:ERROR:process_memory_win.cc(73)] ReadMemory at 0x254dec45770 of 132 bytes failed: Only part of a ReadProcessMemory or WriteProcessMemory request was completed. (0x12B)
[1015/095403.107:ERROR:process_memory_win.cc(73)] ReadMemory at 0x254dec458a0 of 132 bytes failed: Only part of a ReadProcessMemory or WriteProcessMemory request was completed. (0x12B)
[1015/095403.107:ERROR:process_memory_win.cc(73)] ReadMemory at 0x254dec459d0 of 132 bytes failed: Only part of a ReadProcessMemory or WriteProcessMemory request was completed. (0x12B)
[1015/095403.107:ERROR:process_memory_win.cc(73)] ReadMemory at 0x254dec45c30 of 132 bytes failed: Only part of a ReadProcessMemory or WriteProcessMemory request was completed. (0x12B)
[1015/095403.107:ERROR:process_memory_win.cc(73)] ReadMemory at 0x254dec45d60 of 132 bytes failed: Only part of a ReadProcessMemory or WriteProcessMemory request was completed. (0x12B)
[1015/095403.107:ERROR:process_memory_win.cc(73)] ReadMemory at 0x254dec45e90 of 132 bytes failed: Only part of a ReadProcessMemory or WriteProcessMemory request was completed. (0x12B)
[1015/095403.107:ERROR:process_memory_win.cc(73)] ReadMemory at 0x254dec45fc0 of 132 bytes failed: Only part of a ReadProcessMemory or WriteProcessMemory request was completed. (0x12B)
[1015/095403.107:ERROR:process_memory_win.cc(73)] ReadMemory at 0x254dec460f0 of 132 bytes failed: Only part of a ReadProcessMemory or WriteProcessMemory request was completed. (0x12B)
[1015/095403.108:ERROR:process_memory_win.cc(73)] ReadMemory at 0x254dec46220 of 132 bytes failed: Only part of a ReadProcessMemory or WriteProcessMemory request was completed. (0x12B)
[1015/095403.108:ERROR:process_memory_win.cc(73)] ReadMemory at 0x254dec46350 of 132 bytes failed: Only part of a ReadProcessMemory or WriteProcessMemory request was completed. (0x12B)
[1015/095403.108:ERROR:process_memory_win.cc(73)] ReadMemory at 0x254dec46480 of 132 bytes failed: Only part of a ReadProcessMemory or WriteProcessMemory request was completed. (0x12B)
[1015/095403.108:ERROR:process_memory_win.cc(73)] ReadMemory at 0x254dec465b0 of 132 bytes failed: Only part of a ReadProcessMemory or WriteProcessMemory request was completed. (0x12B)
[1015/095403.108:ERROR:process_memory_win.cc(73)] ReadMemory at 0x254dec62480 of 78 bytes failed: Only part of a ReadProcessMemory or WriteProcessMemory request was completed. (0x12B)
[1015/095403.108:ERROR:process_memory_win.cc(73)] ReadMemory at 0x254dec6af90 of 58 bytes failed: Only part of a ReadProcessMemory or WriteProcessMemory request was completed. (0x12B)
[1015/095403.108:ERROR:process_memory_win.cc(73)] ReadMemory at 0x254dec6b0d0 of 58 bytes failed: Only part of a ReadProcessMemory or WriteProcessMemory request was completed. (0x12B)
[1015/095403.108:ERROR:process_memory_win.cc(73)] ReadMemory at 0x254dec6b170 of 62 bytes failed: Only part of a ReadProcessMemory or WriteProcessMemory request was completed. (0x12B)
[1015/095403.108:ERROR:process_memory_win.cc(73)] ReadMemory at 0x254dec6b260 of 60 bytes failed: Only part of a ReadProcessMemory or WriteProcessMemory request was completed. (0x12B)
[1015/095403.108:ERROR:process_memory_win.cc(73)] ReadMemory at 0x254dec6b3a0 of 62 bytes failed: Only part of a ReadProcessMemory or WriteProcessMemory request was completed. (0x12B)
[1015/095403.109:ERROR:process_memory_win.cc(73)] ReadMemory at 0x254dec6b490 of 58 bytes failed: Only part of a ReadProcessMemory or WriteProcessMemory request was completed. (0x12B)
[1015/095403.109:ERROR:process_memory_win.cc(73)] ReadMemory at 0x254dec6b530 of 66 bytes failed: Only part of a ReadProcessMemory or WriteProcessMemory request was completed. (0x12B)
[1015/095403.109:ERROR:process_memory_win.cc(73)] ReadMemory at 0x254dec6b6c0 of 60 bytes failed: Only part of a ReadProcessMemory or WriteProcessMemory request was completed. (0x12B)
[1015/095403.109:ERROR:process_memory_win.cc(73)] ReadMemory at 0x254dec6b7b0 of 62 bytes failed: Only part of a ReadProcessMemory or WriteProcessMemory request was completed. (0x12B)
[1015/095403.109:ERROR:process_memory_win.cc(73)] ReadMemory at 0x254dec6b800 of 64 bytes failed: Only part of a ReadProcessMemory or WriteProcessMemory request was completed. (0x12B)
[1015/095403.109:ERROR:process_memory_win.cc(73)] ReadMemory at 0x254dec78ec0 of 512 bytes failed: Only part of a ReadProcessMemory or WriteProcessMemory request was completed. (0x12B)
[1015/095403.109:ERROR:process_memory_win.cc(73)] ReadMemory at 0x254dec811e0 of 512 bytes failed: Only part of a ReadProcessMemory or WriteProcessMemory request was completed. (0x12B)
[1015/095403.109:ERROR:process_memory_win.cc(73)] ReadMemory at 0x254dec98260 of 512 bytes failed: Only part of a ReadProcessMemory or WriteProcessMemory request was completed. (0x12B)
[1015/095403.109:ERROR:process_memory_win.cc(73)] ReadMemory at 0x254dec98a60 of 512 bytes failed: Only part of a ReadProcessMemory or WriteProcessMemory request was completed. (0x12B)
[1015/095403.109:ERROR:process_memory_win.cc(73)] ReadMemory at 0x254dec99560 of 512 bytes failed: Only part of a ReadProcessMemory or WriteProcessMemory request was completed. (0x12B)
[1015/095403.109:ERROR:process_memory_win.cc(73)] ReadMemory at 0x254decab4e0 of 512 bytes failed: Only part of a ReadProcessMemory or WriteProcessMemory request was completed. (0x12B)
[1015/095403.110:ERROR:process_memory_win.cc(73)] ReadMemory at 0x254decadd10 of 712 bytes failed: Only part of a ReadProcessMemory or WriteProcessMemory request was completed. (0x12B)
[1015/095403.110:ERROR:process_memory_win.cc(73)] ReadMemory at 0x254decbb0a8 of 512 bytes failed: Only part of a ReadProcessMemory or WriteProcessMemory request was completed. (0x12B)
[1015/095403.110:ERROR:process_memory_win.cc(73)] ReadMemory at 0x254decd0ef0 of 512 bytes failed: Only part of a ReadProcessMemory or WriteProcessMemory request was completed. (0x12B)
[1015/095403.110:ERROR:process_memory_win.cc(73)] ReadMemory at 0x254decd3940 of 512 bytes failed: Only part of a ReadProcessMemory or WriteProcessMemory request was completed. (0x12B)
[1015/095403.110:ERROR:process_memory_win.cc(73)] ReadMemory at 0x254decd57a0 of 512 bytes failed: Only part of a ReadProcessMemory or WriteProcessMemory request was completed. (0x12B)
[1015/095403.110:ERROR:process_memory_win.cc(73)] ReadMemory at 0x254decfcf38 of 512 bytes failed: Only part of a ReadProcessMemory or WriteProcessMemory request was completed. (0x12B)
[1015/095403.110:ERROR:process_memory_win.cc(73)] ReadMemory at 0x254decfd448 of 512 bytes failed: Only part of a ReadProcessMemory or WriteProcessMemory request was completed. (0x12B)
[1015/095403.110:ERROR:process_memory_win.cc(73)] ReadMemory at 0x254e0681530 of 512 bytes failed: Only part of a ReadProcessMemory or WriteProcessMemory request was completed. (0x12B)
[1015/095403.110:ERROR:process_memory_win.cc(73)] ReadMemory at 0x254e06848a0 of 512 bytes failed: Only part of a ReadProcessMemory or WriteProcessMemory request was completed. (0x12B)
[1015/095403.110:ERROR:process_memory_win.cc(73)] ReadMemory at 0x254e06979e2 of 512 bytes failed: Only part of a ReadProcessMemory or WriteProcessMemory request was completed. (0x12B)
[1015/095403.110:ERROR:process_memory_win.cc(73)] ReadMemory at 0x254e0697ea6 of 528 bytes failed: Only part of a ReadProcessMemory or WriteProcessMemory request was completed. (0x12B)
[1015/095403.112:ERROR:process_memory_win.cc(73)] ReadMemory at 0x254e075e6a0 of 512 bytes failed: Only part of a ReadProcessMemory or WriteProcessMemory request was completed. (0x12B)
[1015/095403.112:ERROR:process_memory_win.cc(73)] ReadMemory at 0x254e097ff80 of 512 bytes failed: Only part of a ReadProcessMemory or WriteProcessMemory request was completed. (0x12B)
[1015/095403.112:ERROR:process_memory_win.cc(73)] ReadMemory at 0x254e09da420 of 512 bytes failed: Only part of a ReadProcessMemory or WriteProcessMemory request was completed. (0x12B)
[1015/095403.112:ERROR:process_memory_win.cc(73)] ReadMemory at 0x254e2004cd0 of 512 bytes failed: Only part of a ReadProcessMemory or WriteProcessMemory request was completed. (0x12B)
[1015/095403.112:ERROR:process_memory_win.cc(73)] ReadMemory at 0x255efd9c3c18 of 512 bytes failed: Only part of a ReadProcessMemory or WriteProcessMemory request was completed. (0x12B)
[1015/095403.113:ERROR:process_memory_win.cc(73)] ReadMemory at 0x44ac7feee488 of 512 bytes failed: Only part of a ReadProcessMemory or WriteProcessMemory request was completed. (0x12B)
[1015/095403.113:ERROR:process_memory_win.cc(73)] ReadMemory at 0x4f8a010a18c0 of 512 bytes failed: Only part of a ReadProcessMemory or WriteProcessMemory request was completed. (0x12B)
[1015/095403.113:ERROR:process_memory_win.cc(73)] ReadMemory at 0x4f8a011ce281 of 512 bytes failed: Only part of a ReadProcessMemory or WriteProcessMemory request was completed. (0x12B)
[1015/095403.113:ERROR:process_memory_win.cc(73)] ReadMemory at 0x6fe300000000 of 384 bytes failed: Only part of a ReadProcessMemory or WriteProcessMemory request was completed. (0x12B)
[1015/095403.113:ERROR:process_memory_win.cc(73)] ReadMemory at 0x6fe3081d0db5 of 512 bytes failed: Only part of a ReadProcessMemory or WriteProcessMemory request was completed. (0x12B)
[1015/095403.113:ERROR:process_memory_win.cc(73)] ReadMemory at 0x6fe3082417bc of 512 bytes failed: Only part of a ReadProcessMemory or WriteProcessMemory request was completed. (0x12B)
[1015/095403.113:ERROR:process_memory_win.cc(73)] ReadMemory at 0x7ffb0cf1a719 of 512 bytes failed: Only part of a ReadProcessMemory or WriteProcessMemory request was completed. (0x12B)
[1015/095403.113:ERROR:process_memory_win.cc(73)] ReadMemory at 0x7ffb0d14c720 of 512 bytes failed: Only part of a ReadProcessMemory or WriteProcessMemory request was completed. (0x12B)
[1015/095403.113:ERROR:process_memory_win.cc(73)] ReadMemory at 0x7ffb0e601f80 of 512 bytes failed: Only part of a ReadProcessMemory or WriteProcessMemory request was completed. (0x12B)
[1015/095403.113:ERROR:process_memory_win.cc(73)] ReadMemory at 0x7ffb0fc5c074 of 672 bytes failed: Only part of a ReadProcessMemory or WriteProcessMemory request was completed. (0x12B)
[1015/095403.114:ERROR:process_memory_win.cc(73)] ReadMemory at 0x7ffb0fc5c674 of 512 bytes failed: Only part of a ReadProcessMemory or WriteProcessMemory request was completed. (0x12B)
[1015/095403.114:ERROR:process_memory_win.cc(73)] ReadMemory at 0x7ffb0fc5f924 of 608 bytes failed: Only part of a ReadProcessMemory or WriteProcessMemory request was completed. (0x12B)
[1015/095403.114:ERROR:process_memory_win.cc(73)] ReadMemory at 0x7ffb0fcec428 of 18 bytes failed: Only part of a ReadProcessMemory or WriteProcessMemory request was completed. (0x12B)
[1015/095403.114:ERROR:process_memory_win.cc(73)] ReadMemory at 0x7ffb0fd1f4f8 of 40 bytes failed: Only part of a ReadProcessMemory or WriteProcessMemory request was completed. (0x12B)
[1015/095403.114:ERROR:process_memory_win.cc(73)] ReadMemory at 0x7ffb0fd1f978 of 48 bytes failed: Only part of a ReadProcessMemory or WriteProcessMemory request was completed. (0x12B)
[1015/095403.114:ERROR:process_memory_win.cc(73)] ReadMemory at 0x7ffb0fd253c0 of 64 bytes failed: Only part of a ReadProcessMemory or WriteProcessMemory request was completed. (0x12B)
[1015/095403.116:ERROR:filesystem_win.cc(129)] GetFileAttributes C:\Users\AYANRA~1\AppData\Local\Temp\scoped_dir2588_1224915239\Crashpad\attachments\8b326967-054f-439f-9251-eaccb56a2787: The system cannot find the path specified. (0x3)
[1015/095403.116:ERROR:scoped_process_suspend.cc(40)] NtResumeProcess: An attempt was made to access an exiting process. (0xc000010a)
[1015/105733.997:ERROR:filesystem_win.cc(129)] GetFileAttributes C:\Users\Dell\AppData\Local\Temp\scoped_dir26620_341646337\Crashpad\attachments\55595f14-39b7-4138-965b-c3627f7943f9: The system cannot find the path specified. (0x3)
[1016/111737.423:ERROR:directory_reader_win.cc(43)] FindFirstFile: The system cannot find the path specified. (0x3)
